<?xml version="1.0" encoding="UTF-8"?>
<!-- Generated by org.testng.reporters.JUnitReportReporter -->
<testsuite skipped="0" hostname="Riaz" name="Capstone.AutomationPractice3.TestOfVerification" tests="4" failures="0" timestamp="2023-08-13T16:02:19 EDT" time="43.497" errors="0">
  <testcase name="signin" time="9.017" classname="Capstone.AutomationPractice3.TestOfVerification"/>
  <system-out/>
  <testcase name="signin" time="8.678" classname="Capstone.AutomationPractice3.TestOfVerification"/>
  <system-out/>
  <testcase name="f" time="12.759" classname="Capstone.AutomationPractice3.TestOfVerification"/>
  <system-out/>
  <testcase name="f" time="13.043" classname="Capstone.AutomationPractice3.TestOfVerification"/>
  <system-out/>
</testsuite> <!-- Capstone.AutomationPractice3.TestOfVerification -->
