<?xml version="1.0" encoding="UTF-8"?>
<!-- Generated by org.testng.reporters.JUnitReportReporter -->
<testsuite skipped="0" hostname="Riaz" name="Capstone.AutomationPractice3.TestNGOfAnnotation3" tests="2" failures="0" timestamp="2023-08-03T15:35:10 EDT" time="0.007" errors="0">
  <testcase name="f6" time="0.003" classname="Capstone.AutomationPractice3.TestNGOfAnnotation3"/>
  <system-out/>
  <testcase name="f" time="0.004" classname="Capstone.AutomationPractice3.TestNGOfAnnotation3"/>
  <system-out/>
</testsuite> <!-- Capstone.AutomationPractice3.TestNGOfAnnotation3 -->
