<?xml version="1.0" encoding="UTF-8"?>
<!-- Generated by org.testng.reporters.JUnitReportReporter -->
<testsuite skipped="0" hostname="Riaz" name="Capstone.AutomationPractice3.SignToAmazon" tests="2" failures="0" timestamp="2023-08-13T16:02:19 EDT" time="18.268" errors="0">
  <testcase name="f" time="9.258" classname="Capstone.AutomationPractice3.SignToAmazon"/>
  <system-out/>
  <testcase name="f" time="9.010" classname="Capstone.AutomationPractice3.SignToAmazon"/>
  <system-out/>
</testsuite> <!-- Capstone.AutomationPractice3.SignToAmazon -->
