<?xml version="1.0" encoding="UTF-8"?>
<!-- Generated by org.testng.reporters.JUnitReportReporter -->
<testsuite skipped="0" hostname="Riaz" name="Capstone.AutomationPractice3.Points" tests="6" failures="0" timestamp="2023-08-13T16:02:19 EDT" time="52.958" errors="0">
  <testcase name="f" time="8.716" classname="Capstone.AutomationPractice3.Points"/>
  <system-out/>
  <testcase name="f" time="8.928" classname="Capstone.AutomationPractice3.Points"/>
  <system-out/>
  <testcase name="f" time="8.915" classname="Capstone.AutomationPractice3.Points"/>
  <system-out/>
  <testcase name="f" time="8.755" classname="Capstone.AutomationPractice3.Points"/>
  <system-out/>
  <testcase name="f" time="8.936" classname="Capstone.AutomationPractice3.Points"/>
  <system-out/>
  <testcase name="f" time="8.708" classname="Capstone.AutomationPractice3.Points"/>
  <system-out/>
</testsuite> <!-- Capstone.AutomationPractice3.Points -->
